TN:
SF:src\controllers\account.controller.js
FN:3,createAccount
FN:27,getAllAccounts
FN:43,getAccountById
FN:68,updateAccountById
FN:94,deleteAccountById
FNF:5
FNH:5
FNDA:3,createAccount
FNDA:2,getAllAccounts
FNDA:3,getAccountById
FNDA:3,updateAccountById
FNDA:3,deleteAccountById
DA:1,1
DA:2,1
DA:3,1
DA:4,3
DA:5,3
DA:6,3
DA:7,1
DA:8,1
DA:9,1
DA:10,1
DA:11,1
DA:12,1
DA:13,1
DA:14,1
DA:15,1
DA:16,1
DA:17,1
DA:18,1
DA:19,1
DA:20,1
DA:21,1
DA:22,1
DA:23,1
DA:24,1
DA:25,3
DA:26,1
DA:27,1
DA:28,2
DA:29,2
DA:30,1
DA:31,1
DA:32,1
DA:33,1
DA:34,1
DA:35,1
DA:36,1
DA:37,1
DA:38,1
DA:39,1
DA:40,1
DA:41,2
DA:42,1
DA:43,1
DA:44,3
DA:45,3
DA:46,3
DA:47,3
DA:48,3
DA:49,1
DA:50,1
DA:51,1
DA:52,1
DA:53,1
DA:54,1
DA:55,1
DA:56,1
DA:57,1
DA:58,1
DA:59,1
DA:60,1
DA:61,1
DA:62,1
DA:63,1
DA:64,1
DA:65,1
DA:66,3
DA:67,1
DA:68,1
DA:69,3
DA:70,3
DA:71,3
DA:72,3
DA:73,3
DA:74,1
DA:75,1
DA:76,1
DA:77,1
DA:78,1
DA:79,2
DA:80,2
DA:81,1
DA:82,1
DA:83,1
DA:84,1
DA:85,1
DA:86,1
DA:87,1
DA:88,1
DA:89,1
DA:90,1
DA:91,1
DA:92,3
DA:93,1
DA:94,1
DA:95,3
DA:96,3
DA:97,3
DA:98,3
DA:99,3
DA:100,1
DA:101,1
DA:102,1
DA:103,1
DA:104,1
DA:105,2
DA:106,2
DA:107,1
DA:108,1
DA:109,1
DA:110,1
DA:111,1
DA:112,1
DA:113,1
DA:114,1
DA:115,1
DA:116,1
DA:117,3
DA:118,1
DA:119,1
DA:120,1
DA:121,1
DA:122,1
DA:123,1
DA:124,1
DA:125,1
LF:125
LH:125
BRDA:3,0,0,3
BRDA:5,1,0,2
BRDA:6,2,0,1
BRDA:27,3,0,2
BRDA:29,4,0,1
BRDA:43,5,0,3
BRDA:47,6,0,2
BRDA:48,7,0,1
BRDA:68,8,0,3
BRDA:73,9,0,1
BRDA:78,10,0,2
BRDA:80,11,0,1
BRDA:94,12,0,3
BRDA:99,13,0,1
BRDA:104,14,0,2
BRDA:106,15,0,1
BRF:16
BRH:16
end_of_record
TN:
SF:src\controllers\transaction.controller.js
FN:3,createTransaction
FN:27,getAllTransactions
FN:43,getTransactionById
FN:68,deleteTransactionById
FNF:4
FNH:4
FNDA:3,createTransaction
FNDA:2,getAllTransactions
FNDA:3,getTransactionById
FNDA:3,deleteTransactionById
DA:1,1
DA:2,1
DA:3,1
DA:4,3
DA:5,3
DA:6,3
DA:7,1
DA:8,1
DA:9,1
DA:10,1
DA:11,1
DA:12,1
DA:13,1
DA:14,1
DA:15,1
DA:16,1
DA:17,1
DA:18,1
DA:19,1
DA:20,1
DA:21,1
DA:22,1
DA:23,1
DA:24,1
DA:25,3
DA:26,1
DA:27,1
DA:28,2
DA:29,2
DA:30,1
DA:31,1
DA:32,1
DA:33,1
DA:34,1
DA:35,1
DA:36,1
DA:37,1
DA:38,1
DA:39,1
DA:40,1
DA:41,2
DA:42,1
DA:43,1
DA:44,3
DA:45,3
DA:46,3
DA:47,3
DA:48,3
DA:49,1
DA:50,1
DA:51,1
DA:52,1
DA:53,1
DA:54,1
DA:55,1
DA:56,1
DA:57,1
DA:58,1
DA:59,1
DA:60,1
DA:61,1
DA:62,1
DA:63,1
DA:64,1
DA:65,1
DA:66,3
DA:67,1
DA:68,1
DA:69,3
DA:70,3
DA:71,3
DA:72,3
DA:73,3
DA:74,1
DA:75,1
DA:76,1
DA:77,1
DA:78,1
DA:79,2
DA:80,2
DA:81,1
DA:82,1
DA:83,1
DA:84,1
DA:85,1
DA:86,1
DA:87,1
DA:88,1
DA:89,1
DA:90,1
DA:91,3
DA:92,1
DA:93,1
DA:94,1
DA:95,1
DA:96,1
DA:97,1
DA:98,1
LF:98
LH:98
BRDA:3,0,0,3
BRDA:5,1,0,2
BRDA:6,2,0,1
BRDA:27,3,0,2
BRDA:29,4,0,1
BRDA:43,5,0,3
BRDA:47,6,0,2
BRDA:48,7,0,1
BRDA:68,8,0,3
BRDA:73,9,0,1
BRDA:78,10,0,2
BRDA:80,11,0,1
BRF:12
BRH:12
end_of_record
TN:
SF:src\controllers\user.controller.js
FN:3,registerUser
FN:27,loginUser
FN:51,getAllUsers
FN:67,getUserById
FN:92,updateUserById
FN:134,deleteUserById
FNF:6
FNH:6
FNDA:3,registerUser
FNDA:3,loginUser
FNDA:2,getAllUsers
FNDA:3,getUserById
FNDA:5,updateUserById
FNDA:3,deleteUserById
DA:1,1
DA:2,1
DA:3,1
DA:4,3
DA:5,3
DA:6,3
DA:7,1
DA:8,1
DA:9,1
DA:10,1
DA:11,1
DA:12,1
DA:13,1
DA:14,1
DA:15,1
DA:16,1
DA:17,1
DA:18,1
DA:19,1
DA:20,1
DA:21,1
DA:22,1
DA:23,1
DA:24,1
DA:25,3
DA:26,1
DA:27,1
DA:28,3
DA:29,3
DA:30,2
DA:31,3
DA:32,1
DA:33,1
DA:34,1
DA:35,1
DA:36,1
DA:37,1
DA:38,1
DA:39,1
DA:40,1
DA:41,1
DA:42,1
DA:43,1
DA:44,1
DA:45,1
DA:46,1
DA:47,1
DA:48,1
DA:49,3
DA:50,1
DA:51,1
DA:52,2
DA:53,2
DA:54,1
DA:55,1
DA:56,1
DA:57,1
DA:58,1
DA:59,1
DA:60,1
DA:61,1
DA:62,1
DA:63,1
DA:64,1
DA:65,2
DA:66,1
DA:67,1
DA:68,3
DA:69,3
DA:70,3
DA:71,3
DA:72,3
DA:73,1
DA:74,1
DA:75,1
DA:76,1
DA:77,1
DA:78,1
DA:79,1
DA:80,1
DA:81,1
DA:82,1
DA:83,1
DA:84,1
DA:85,1
DA:86,1
DA:87,1
DA:88,1
DA:89,1
DA:90,3
DA:91,1
DA:92,1
DA:93,5
DA:94,5
DA:95,5
DA:96,5
DA:97,5
DA:98,1
DA:99,1
DA:100,1
DA:101,1
DA:102,1
DA:103,4
DA:104,4
DA:105,5
DA:106,1
DA:107,1
DA:108,1
DA:109,1
DA:110,1
DA:111,3
DA:112,3
DA:113,5
DA:114,1
DA:115,1
DA:116,1
DA:117,1
DA:118,1
DA:119,2
DA:120,2
DA:121,1
DA:122,1
DA:123,1
DA:124,1
DA:125,1
DA:126,1
DA:127,1
DA:128,1
DA:129,1
DA:130,1
DA:131,1
DA:132,5
DA:133,1
DA:134,1
DA:135,3
DA:136,3
DA:137,3
DA:138,3
DA:139,3
DA:140,1
DA:141,1
DA:142,1
DA:143,1
DA:144,1
DA:145,2
DA:146,2
DA:147,1
DA:148,1
DA:149,1
DA:150,1
DA:151,1
DA:152,1
DA:153,1
DA:154,1
DA:155,1
DA:156,1
DA:157,3
DA:158,1
DA:159,1
DA:160,1
DA:161,1
DA:162,1
DA:163,1
DA:164,1
DA:165,1
DA:166,1
LF:166
LH:166
BRDA:3,0,0,3
BRDA:5,1,0,2
BRDA:6,2,0,1
BRDA:27,3,0,3
BRDA:29,4,0,2
BRDA:31,5,0,1
BRDA:51,6,0,2
BRDA:53,7,0,1
BRDA:67,8,0,3
BRDA:71,9,0,2
BRDA:72,10,0,1
BRDA:92,11,0,5
BRDA:97,12,0,1
BRDA:102,13,0,4
BRDA:105,14,0,1
BRDA:105,15,0,1
BRDA:110,16,0,3
BRDA:113,17,0,1
BRDA:113,18,0,1
BRDA:118,19,0,2
BRDA:120,20,0,1
BRDA:134,21,0,3
BRDA:139,22,0,1
BRDA:144,23,0,2
BRDA:146,24,0,1
BRF:25
BRH:25
end_of_record
